{"/Users/xmatoha/projects/xp-farm-halova/xp-farm-halova/build-tower/index.js": {"path":"/Users/xmatoha/projects/xp-farm-halova/xp-farm-halova/build-tower/index.js","statementMap":{"0":{"start":{"line":4,"column":3},"end":{"line":4,"column":30}},"1":{"start":{"line":5,"column":3},"end":{"line":7,"column":4}},"2":{"start":{"line":6,"column":7},"end":{"line":6,"column":20}},"3":{"start":{"line":8,"column":3},"end":{"line":8,"column":13}},"4":{"start":{"line":9,"column":3},"end":{"line":9,"column":34}},"5":{"start":{"line":10,"column":3},"end":{"line":12,"column":4}},"6":{"start":{"line":10,"column":20},"end":{"line":10,"column":21}},"7":{"start":{"line":11,"column":5},"end":{"line":11,"column":41}},"8":{"start":{"line":13,"column":3},"end":{"line":13,"column":16}},"9":{"start":{"line":17,"column":2},"end":{"line":17,"column":35}},"10":{"start":{"line":18,"column":2},"end":{"line":18,"column":37}},"11":{"start":{"line":19,"column":2},"end":{"line":19,"column":32}},"12":{"start":{"line":20,"column":2},"end":{"line":20,"column":29}},"13":{"start":{"line":21,"column":2},"end":{"line":21,"column":31}},"14":{"start":{"line":26,"column":4},"end":{"line":26,"column":31}},"15":{"start":{"line":30,"column":4},"end":{"line":30,"column":27}},"16":{"start":{"line":34,"column":4},"end":{"line":36,"column":5}},"17":{"start":{"line":35,"column":8},"end":{"line":35,"column":56}},"18":{"start":{"line":37,"column":4},"end":{"line":39,"column":5}},"19":{"start":{"line":38,"column":8},"end":{"line":38,"column":57}},"20":{"start":{"line":40,"column":4},"end":{"line":40,"column":21}},"21":{"start":{"line":43,"column":0},"end":{"line":43,"column":70}}},"fnMap":{"0":{"name":"buildTower","decl":{"start":{"line":3,"column":9},"end":{"line":3,"column":19}},"loc":{"start":{"line":3,"column":28},"end":{"line":14,"column":1}},"line":3},"1":{"name":"buildFloor","decl":{"start":{"line":16,"column":9},"end":{"line":16,"column":19}},"loc":{"start":{"line":16,"column":34},"end":{"line":23,"column":1}},"line":16},"2":{"name":"getOffset","decl":{"start":{"line":25,"column":9},"end":{"line":25,"column":18}},"loc":{"start":{"line":25,"column":34},"end":{"line":27,"column":1}},"line":25},"3":{"name":"numberOfBricks","decl":{"start":{"line":29,"column":9},"end":{"line":29,"column":23}},"loc":{"start":{"line":29,"column":31},"end":{"line":31,"column":1}},"line":29},"4":{"name":"hasErrors","decl":{"start":{"line":33,"column":9},"end":{"line":33,"column":18}},"loc":{"start":{"line":33,"column":27},"end":{"line":41,"column":1}},"line":33}},"branchMap":{"0":{"loc":{"start":{"line":5,"column":3},"end":{"line":7,"column":4}},"type":"if","locations":[{"start":{"line":5,"column":3},"end":{"line":7,"column":4}},{"start":{},"end":{}}],"line":5},"1":{"loc":{"start":{"line":34,"column":4},"end":{"line":36,"column":5}},"type":"if","locations":[{"start":{"line":34,"column":4},"end":{"line":36,"column":5}},{"start":{},"end":{}}],"line":34},"2":{"loc":{"start":{"line":37,"column":4},"end":{"line":39,"column":5}},"type":"if","locations":[{"start":{"line":37,"column":4},"end":{"line":39,"column":5}},{"start":{},"end":{}}],"line":37}},"s":{"0":11,"1":11,"2":6,"3":5,"4":5,"5":5,"6":5,"7":14,"8":5,"9":14,"10":14,"11":14,"12":14,"13":14,"14":17,"15":23,"16":11,"17":4,"18":7,"19":2,"20":5,"21":1},"f":{"0":11,"1":14,"2":17,"3":23,"4":11},"b":{"0":[6,5],"1":[4,7],"2":[2,5]},"_coverageSchema":"1a1c01bbd47fc00a2c39e90264f33305004495a9","hash":"5db391eeadceeeafd1619c899b3137156da71489"}
}
