TN:
SF:index.js
FN:3,buildTower
FN:16,buildFloor
FN:25,getOffset
FN:29,numberOfBricks
FN:33,hasErrors
FNF:5
FNH:5
FNDA:11,buildTower
FNDA:14,buildFloor
FNDA:17,getOffset
FNDA:23,numberOfBricks
FNDA:11,hasErrors
DA:4,11
DA:5,11
DA:6,6
DA:8,5
DA:9,5
DA:10,5
DA:11,14
DA:13,5
DA:17,14
DA:18,14
DA:19,14
DA:20,14
DA:21,14
DA:26,17
DA:30,23
DA:34,11
DA:35,4
DA:37,7
DA:38,2
DA:40,5
DA:43,1
LF:21
LH:21
BRDA:5,0,0,6
BRDA:5,0,1,5
BRDA:34,1,0,4
BRDA:34,1,1,7
BRDA:37,2,0,2
BRDA:37,2,1,5
BRF:6
BRH:6
end_of_record
